# JRE version: Java(TM) SE Runtime Environment (7.0_45-b18) (build 1.7.0_45-b18)
# Java VM: Java HotSpot(TM) 64-Bit Server VM (24.45-b08 mixed mode linux-amd64 compressed oops)
Heap
 PSYoungGen      total 401408K, used 46056K [0x00000007d5500000, 0x00000007f0a00000, 0x0000000800000000)
  eden space 355328K, 0% used [0x00000007d5500000,0x00000007d5500000,0x00000007eb000000)
  from space 46080K, 99% used [0x00000007eb000000,0x00000007edcfa038,0x00000007edd00000)
  to   space 37376K, 0% used [0x00000007ee580000,0x00000007ee580000,0x00000007f0a00000)
 ParOldGen       total 129024K, used 122673K [0x0000000780000000, 0x0000000787e00000, 0x00000007d5500000)
  object space 129024K, 95% used [0x0000000780000000,0x00000007877cc7c8,0x0000000787e00000)
 PSPermGen       total 128000K, used 117969K [0x0000000770000000, 0x0000000777d00000, 0x0000000780000000)
  object space 128000K, 92% used [0x0000000770000000,0x00000007773347d0,0x0000000777d00000)
GC Heap History (10 events):
Event: 893.013 GC heap after
Heap after GC invocations=16 (full 4):
 PSYoungGen      total 342528K, used 17815K [0x00000007d5500000, 0x00000007ec600000, 0x0000000800000000)
  eden space 307200K, 5% used [0x00000007d5500000,0x00000007d6665f80,0x00000007e8100000)
  from space 35328K, 0% used [0x00000007ea380000,0x00000007ea380000,0x00000007ec600000)
  to   space 35328K, 0% used [0x00000007e8100000,0x00000007e8100000,0x00000007ea380000)
 ParOldGen       total 70656K, used 70589K [0x0000000780000000, 0x0000000784500000, 0x00000007d5500000)
  object space 70656K, 99% used [0x0000000780000000,0x00000007844ef530,0x0000000784500000)
 PSPermGen       total 113152K, used 75111K [0x0000000770000000, 0x0000000776e80000, 0x0000000780000000)
  object space 113152K, 66% used [0x0000000770000000,0x0000000774959e88,0x0000000776e80000)
}
Event: 1048.980 GC heap before
{Heap before GC invocations=17 (full 5):
 PSYoungGen      total 342528K, used 307200K [0x00000007d5500000, 0x00000007ec600000, 0x0000000800000000)
  eden space 307200K, 100% used [0x00000007d5500000,0x00000007e8100000,0x00000007e8100000)
  from space 35328K, 0% used [0x00000007ea380000,0x00000007ea380000,0x00000007ec600000)
  to   space 35328K, 0% used [0x00000007e8100000,0x00000007e8100000,0x00000007ea380000)
 ParOldGen       total 70656K, used 70589K [0x0000000780000000, 0x0000000784500000, 0x00000007d5500000)
  object space 70656K, 99% used [0x0000000780000000,0x00000007844ef530,0x0000000784500000)
 PSPermGen       total 113152K, used 83892K [0x0000000770000000, 0x0000000776e80000, 0x0000000780000000)
  object space 113152K, 74% used [0x0000000770000000,0x00000007751ed220,0x0000000776e80000)
Event: 1049.597 GC heap after
Heap after GC invocations=17 (full 5):
 PSYoungGen      total 342528K, used 32651K [0x00000007d5500000, 0x00000007ec600000, 0x0000000800000000)
  eden space 307200K, 10% used [0x00000007d5500000,0x00000007d74e2ce0,0x00000007e8100000)
  from space 35328K, 0% used [0x00000007ea380000,0x00000007ea380000,0x00000007ec600000)
  to   space 35328K, 0% used [0x00000007e8100000,0x00000007e8100000,0x00000007ea380000)
 ParOldGen       total 129024K, used 70459K [0x0000000780000000, 0x0000000787e00000, 0x00000007d5500000)
  object space 129024K, 54% used [0x0000000780000000,0x00000007844cef30,0x0000000787e00000)
 PSPermGen       total 120832K, used 83852K [0x0000000770000000, 0x0000000777600000, 0x0000000780000000)
  object space 120832K, 69% used [0x0000000770000000,0x00000007751e3040,0x0000000777600000)
}
Event: 1053.676 GC heap before
{Heap before GC invocations=18 (full 5):
 PSYoungGen      total 342528K, used 221353K [0x00000007d5500000, 0x00000007ec600000, 0x0000000800000000)
  eden space 307200K, 72% used [0x00000007d5500000,0x00000007e2d2a758,0x00000007e8100000)
  from space 35328K, 0% used [0x00000007ea380000,0x00000007ea380000,0x00000007ec600000)
  to   space 35328K, 0% used [0x00000007e8100000,0x00000007e8100000,0x00000007ea380000)
 ParOldGen       total 129024K, used 70459K [0x0000000780000000, 0x0000000787e00000, 0x00000007d5500000)
  object space 129024K, 54% used [0x0000000780000000,0x00000007844cef30,0x0000000787e00000)
 PSPermGen       total 120832K, used 92639K [0x0000000770000000, 0x0000000777600000, 0x0000000780000000)
  object space 120832K, 76% used [0x0000000770000000,0x0000000775a77d88,0x0000000777600000)
Event: 1053.773 GC heap after
Heap after GC invocations=18 (full 5):
 PSYoungGen      total 342528K, used 35317K [0x00000007d5500000, 0x00000007f1100000, 0x0000000800000000)
  eden space 307200K, 0% used [0x00000007d5500000,0x00000007d5500000,0x00000007e8100000)
  from space 35328K, 99% used [0x00000007e8100000,0x00000007ea37d580,0x00000007ea380000)
  to   space 44544K, 0% used [0x00000007ee580000,0x00000007ee580000,0x00000007f1100000)
 ParOldGen       total 129024K, used 79914K [0x0000000780000000, 0x0000000787e00000, 0x00000007d5500000)
  object space 129024K, 61% used [0x0000000780000000,0x0000000784e0a9b8,0x0000000787e00000)
 PSPermGen       total 120832K, used 92639K [0x0000000770000000, 0x0000000777600000, 0x0000000780000000)
  object space 120832K, 76% used [0x0000000770000000,0x0000000775a77d88,0x0000000777600000)
}
Event: 1053.773 GC heap before
{Heap before GC invocations=19 (full 6):
 PSYoungGen      total 342528K, used 35317K [0x00000007d5500000, 0x00000007f1100000, 0x0000000800000000)
  eden space 307200K, 0% used [0x00000007d5500000,0x00000007d5500000,0x00000007e8100000)
  from space 35328K, 99% used [0x00000007e8100000,0x00000007ea37d580,0x00000007ea380000)
  to   space 44544K, 0% used [0x00000007ee580000,0x00000007ee580000,0x00000007f1100000)
 ParOldGen       total 129024K, used 79914K [0x0000000780000000, 0x0000000787e00000, 0x00000007d5500000)
  object space 129024K, 61% used [0x0000000780000000,0x0000000784e0a9b8,0x0000000787e00000)
 PSPermGen       total 120832K, used 92639K [0x0000000770000000, 0x0000000777600000, 0x0000000780000000)
  object space 120832K, 76% used [0x0000000770000000,0x0000000775a77d88,0x0000000777600000)
Event: 1054.443 GC heap after
Heap after GC invocations=19 (full 6):
 PSYoungGen      total 342528K, used 0K [0x00000007d5500000, 0x00000007f1100000, 0x0000000800000000)
  eden space 307200K, 0% used [0x00000007d5500000,0x00000007d5500000,0x00000007e8100000)
  from space 35328K, 0% used [0x00000007e8100000,0x00000007e8100000,0x00000007ea380000)
  to   space 44544K, 0% used [0x00000007ee580000,0x00000007ee580000,0x00000007f1100000)
 ParOldGen       total 129024K, used 113831K [0x0000000780000000, 0x0000000787e00000, 0x00000007d5500000)
  object space 129024K, 88% used [0x0000000780000000,0x0000000786f29f58,0x0000000787e00000)
 PSPermGen       total 128000K, used 92599K [0x0000000770000000, 0x0000000777d00000, 0x0000000780000000)
  object space 128000K, 72% used [0x0000000770000000,0x0000000775a6dca8,0x0000000777d00000)
}
Event: 1127.539 GC heap before
{Heap before GC invocations=20 (full 6):
 PSYoungGen      total 342528K, used 307200K [0x00000007d5500000, 0x00000007f1100000, 0x0000000800000000)
  eden space 307200K, 100% used [0x00000007d5500000,0x00000007e8100000,0x00000007e8100000)
  from space 35328K, 0% used [0x00000007e8100000,0x00000007e8100000,0x00000007ea380000)
  to   space 44544K, 0% used [0x00000007ee580000,0x00000007ee580000,0x00000007f1100000)
 ParOldGen       total 129024K, used 113831K [0x0000000780000000, 0x0000000787e00000, 0x00000007d5500000)
  object space 129024K, 88% used [0x0000000780000000,0x0000000786f29f58,0x0000000787e00000)
 PSPermGen       total 128000K, used 103807K [0x0000000770000000, 0x0000000777d00000, 0x0000000780000000)
  object space 128000K, 81% used [0x0000000770000000,0x000000077655fe10,0x0000000777d00000)
Event: 1127.589 GC heap after
Heap after GC invocations=20 (full 6):
 PSYoungGen      total 392704K, used 27960K [0x00000007d5500000, 0x00000007f0a00000, 0x0000000800000000)
  eden space 355328K, 0% used [0x00000007d5500000,0x00000007d5500000,0x00000007eb000000)
  from space 37376K, 74% used [0x00000007ee580000,0x00000007f00ce2d8,0x00000007f0a00000)
  to   space 46080K, 0% used [0x00000007eb000000,0x00000007eb000000,0x00000007edd00000)
 ParOldGen       total 129024K, used 113831K [0x0000000780000000, 0x0000000787e00000, 0x00000007d5500000)
  object space 129024K, 88% used [0x0000000780000000,0x0000000786f29f58,0x0000000787e00000)
 PSPermGen       total 128000K, used 103807K [0x0000000770000000, 0x0000000777d00000, 0x0000000780000000)
  object space 128000K, 81% used [0x0000000770000000,0x000000077655fe10,0x0000000777d00000)
}
Event: 1147.350 GC heap before
{Heap before GC invocations=21 (full 6):
 PSYoungGen      total 392704K, used 383288K [0x00000007d5500000, 0x00000007f0a00000, 0x0000000800000000)
  eden space 355328K, 100% used [0x00000007d5500000,0x00000007eb000000,0x00000007eb000000)
  from space 37376K, 74% used [0x00000007ee580000,0x00000007f00ce2d8,0x00000007f0a00000)
  to   space 46080K, 0% used [0x00000007eb000000,0x00000007eb000000,0x00000007edd00000)
 ParOldGen       total 129024K, used 113831K [0x0000000780000000, 0x0000000787e00000, 0x00000007d5500000)
  object space 129024K, 88% used [0x0000000780000000,0x0000000786f29f58,0x0000000787e00000)
 PSPermGen       total 128000K, used 117969K [0x0000000770000000, 0x0000000777d00000, 0x0000000780000000)
  object space 128000K, 92% used [0x0000000770000000,0x00000007773347d0,0x0000000777d00000)

