# JRE version: Java(TM) SE Runtime Environment (7.0_45-b18) (build 1.7.0_45-b18)
# Java VM: Java HotSpot(TM) 64-Bit Server VM (24.45-b08 mixed mode linux-amd64 compressed oops)
Heap
 PSYoungGen      total 600576K, used 38438K [0x00000007d5500000, 0x00000007fff00000, 0x0000000800000000)
  eden space 504832K, 0% used [0x00000007d5500000,0x00000007d5500000,0x00000007f4200000)
  from space 95744K, 40% used [0x00000007f4200000,0x00000007f67899e0,0x00000007f9f80000)
  to   space 96256K, 0% used [0x00000007fa100000,0x00000007fa100000,0x00000007fff00000)
 ParOldGen       total 312320K, used 312132K [0x0000000780000000, 0x0000000793100000, 0x00000007d5500000)
  object space 312320K, 99% used [0x0000000780000000,0x00000007930d11d8,0x0000000793100000)
 PSPermGen       total 262144K, used 262057K [0x0000000770000000, 0x0000000780000000, 0x0000000780000000)
  object space 262144K, 99% used [0x0000000770000000,0x000000077ffea770,0x0000000780000000)
GC Heap History (10 events):
Event: 5548.499 GC heap after
Heap after GC invocations=67 (full 27):
 PSYoungGen      total 590336K, used 82591K [0x00000007d5500000, 0x0000000800000000, 0x0000000800000000)
  eden space 503808K, 0% used [0x00000007d5500000,0x00000007d5500000,0x00000007f4100000)
  from space 86528K, 95% used [0x00000007fa980000,0x00000007ffa27ef0,0x00000007ffe00000)
  to   space 97792K, 0% used [0x00000007f4100000,0x00000007f4100000,0x00000007fa080000)
 ParOldGen       total 312320K, used 241080K [0x0000000780000000, 0x0000000793100000, 0x00000007d5500000)
  object space 312320K, 77% used [0x0000000780000000,0x000000078eb6e3c0,0x0000000793100000)
 PSPermGen       total 239104K, used 234385K [0x0000000770000000, 0x000000077e980000, 0x0000000780000000)
  object space 239104K, 98% used [0x0000000770000000,0x000000077e4e4648,0x000000077e980000)
}
Event: 5548.593 GC heap before
{Heap before GC invocations=68 (full 27):
 PSYoungGen      total 590336K, used 95311K [0x00000007d5500000, 0x0000000800000000, 0x0000000800000000)
  eden space 503808K, 2% used [0x00000007d5500000,0x00000007d616bf40,0x00000007f4100000)
  from space 86528K, 95% used [0x00000007fa980000,0x00000007ffa27ef0,0x00000007ffe00000)
  to   space 97792K, 0% used [0x00000007f4100000,0x00000007f4100000,0x00000007fa080000)
 ParOldGen       total 312320K, used 241080K [0x0000000780000000, 0x0000000793100000, 0x00000007d5500000)
  object space 312320K, 77% used [0x0000000780000000,0x000000078eb6e3c0,0x0000000793100000)
 PSPermGen       total 239104K, used 234537K [0x0000000770000000, 0x000000077e980000, 0x0000000780000000)
  object space 239104K, 98% used [0x0000000770000000,0x000000077e50a578,0x000000077e980000)
Event: 5548.673 GC heap after
Heap after GC invocations=68 (full 27):
 PSYoungGen      total 566272K, used 62430K [0x00000007d5500000, 0x0000000800000000, 0x0000000800000000)
  eden space 503808K, 0% used [0x00000007d5500000,0x00000007d5500000,0x00000007f4100000)
  from space 62464K, 99% used [0x00000007f4100000,0x00000007f7df7800,0x00000007f7e00000)
  to   space 98816K, 0% used [0x00000007f9f80000,0x00000007f9f80000,0x0000000800000000)
 ParOldGen       total 312320K, used 241088K [0x0000000780000000, 0x0000000793100000, 0x00000007d5500000)
  object space 312320K, 77% used [0x0000000780000000,0x000000078eb703c0,0x0000000793100000)
 PSPermGen       total 239104K, used 234537K [0x0000000770000000, 0x000000077e980000, 0x0000000780000000)
  object space 239104K, 98% used [0x0000000770000000,0x000000077e50a578,0x000000077e980000)
}
Event: 5548.673 GC heap before
{Heap before GC invocations=69 (full 28):
 PSYoungGen      total 566272K, used 62430K [0x00000007d5500000, 0x0000000800000000, 0x0000000800000000)
  eden space 503808K, 0% used [0x00000007d5500000,0x00000007d5500000,0x00000007f4100000)
  from space 62464K, 99% used [0x00000007f4100000,0x00000007f7df7800,0x00000007f7e00000)
  to   space 98816K, 0% used [0x00000007f9f80000,0x00000007f9f80000,0x0000000800000000)
 ParOldGen       total 312320K, used 241088K [0x0000000780000000, 0x0000000793100000, 0x00000007d5500000)
  object space 312320K, 77% used [0x0000000780000000,0x000000078eb703c0,0x0000000793100000)
 PSPermGen       total 239104K, used 234537K [0x0000000770000000, 0x000000077e980000, 0x0000000780000000)
  object space 239104K, 98% used [0x0000000770000000,0x000000077e50a578,0x000000077e980000)
Event: 5550.327 GC heap after
Heap after GC invocations=69 (full 28):
 PSYoungGen      total 566272K, used 0K [0x00000007d5500000, 0x0000000800000000, 0x0000000800000000)
  eden space 503808K, 0% used [0x00000007d5500000,0x00000007d5500000,0x00000007f4100000)
  from space 62464K, 0% used [0x00000007f4100000,0x00000007f4100000,0x00000007f7e00000)
  to   space 98816K, 0% used [0x00000007f9f80000,0x00000007f9f80000,0x0000000800000000)
 ParOldGen       total 312320K, used 292086K [0x0000000780000000, 0x0000000793100000, 0x00000007d5500000)
  object space 312320K, 93% used [0x0000000780000000,0x0000000791d3d890,0x0000000793100000)
 PSPermGen       total 262144K, used 234376K [0x0000000770000000, 0x0000000780000000, 0x0000000780000000)
  object space 262144K, 89% used [0x0000000770000000,0x000000077e4e2338,0x0000000780000000)
}
Event: 5609.863 GC heap before
{Heap before GC invocations=70 (full 28):
 PSYoungGen      total 566272K, used 503808K [0x00000007d5500000, 0x0000000800000000, 0x0000000800000000)
  eden space 503808K, 100% used [0x00000007d5500000,0x00000007f4100000,0x00000007f4100000)
  from space 62464K, 0% used [0x00000007f4100000,0x00000007f4100000,0x00000007f7e00000)
  to   space 98816K, 0% used [0x00000007f9f80000,0x00000007f9f80000,0x0000000800000000)
 ParOldGen       total 312320K, used 292086K [0x0000000780000000, 0x0000000793100000, 0x00000007d5500000)
  object space 312320K, 93% used [0x0000000780000000,0x0000000791d3d890,0x0000000793100000)
 PSPermGen       total 262144K, used 252114K [0x0000000770000000, 0x0000000780000000, 0x0000000780000000)
  object space 262144K, 96% used [0x0000000770000000,0x000000077f6349b0,0x0000000780000000)
Event: 5609.942 GC heap after
Heap after GC invocations=70 (full 28):
 PSYoungGen      total 600576K, used 51525K [0x00000007d5500000, 0x00000007ffd00000, 0x0000000800000000)
  eden space 504832K, 0% used [0x00000007d5500000,0x00000007d5500000,0x00000007f4200000)
  from space 95744K, 53% used [0x00000007f9f80000,0x00000007fd1d14c8,0x00000007ffd00000)
  to   space 95744K, 0% used [0x00000007f4200000,0x00000007f4200000,0x00000007f9f80000)
 ParOldGen       total 312320K, used 292086K [0x0000000780000000, 0x0000000793100000, 0x00000007d5500000)
  object space 312320K, 93% used [0x0000000780000000,0x0000000791d3d890,0x0000000793100000)
 PSPermGen       total 262144K, used 252114K [0x0000000770000000, 0x0000000780000000, 0x0000000780000000)
  object space 262144K, 96% used [0x0000000770000000,0x000000077f6349b0,0x0000000780000000)
}
Event: 5690.822 GC heap before
{Heap before GC invocations=71 (full 28):
 PSYoungGen      total 600576K, used 384908K [0x00000007d5500000, 0x00000007ffd00000, 0x0000000800000000)
  eden space 504832K, 66% used [0x00000007d5500000,0x00000007e9a91d30,0x00000007f4200000)
  from space 95744K, 53% used [0x00000007f9f80000,0x00000007fd1d14c8,0x00000007ffd00000)
  to   space 95744K, 0% used [0x00000007f4200000,0x00000007f4200000,0x00000007f9f80000)
 ParOldGen       total 312320K, used 292086K [0x0000000780000000, 0x0000000793100000, 0x00000007d5500000)
  object space 312320K, 93% used [0x0000000780000000,0x0000000791d3d890,0x0000000793100000)
 PSPermGen       total 262144K, used 262143K [0x0000000770000000, 0x0000000780000000, 0x0000000780000000)
  object space 262144K, 99% used [0x0000000770000000,0x000000077ffffe68,0x0000000780000000)
Event: 5690.897 GC heap after
Heap after GC invocations=71 (full 28):
 PSYoungGen      total 600576K, used 61830K [0x00000007d5500000, 0x00000007fff00000, 0x0000000800000000)
  eden space 504832K, 0% used [0x00000007d5500000,0x00000007d5500000,0x00000007f4200000)
  from space 95744K, 64% used [0x00000007f4200000,0x00000007f7e61998,0x00000007f9f80000)
  to   space 96256K, 0% used [0x00000007fa100000,0x00000007fa100000,0x00000007fff00000)
 ParOldGen       total 312320K, used 292086K [0x0000000780000000, 0x0000000793100000, 0x00000007d5500000)
  object space 312320K, 93% used [0x0000000780000000,0x0000000791d3d890,0x0000000793100000)
 PSPermGen       total 262144K, used 262143K [0x0000000770000000, 0x0000000780000000, 0x0000000780000000)
  object space 262144K, 99% used [0x0000000770000000,0x000000077ffffe68,0x0000000780000000)
}
Event: 5690.897 GC heap before
{Heap before GC invocations=72 (full 29):
 PSYoungGen      total 600576K, used 61830K [0x00000007d5500000, 0x00000007fff00000, 0x0000000800000000)
  eden space 504832K, 0% used [0x00000007d5500000,0x00000007d5500000,0x00000007f4200000)
  from space 95744K, 64% used [0x00000007f4200000,0x00000007f7e61998,0x00000007f9f80000)
  to   space 96256K, 0% used [0x00000007fa100000,0x00000007fa100000,0x00000007fff00000)
 ParOldGen       total 312320K, used 292086K [0x0000000780000000, 0x0000000793100000, 0x00000007d5500000)
  object space 312320K, 93% used [0x0000000780000000,0x0000000791d3d890,0x0000000793100000)
 PSPermGen       total 262144K, used 262143K [0x0000000770000000, 0x0000000780000000, 0x0000000780000000)
  object space 262144K, 99% used [0x0000000770000000,0x000000077ffffe68,0x0000000780000000)

