# JRE version: Java(TM) SE Runtime Environment (7.0_45-b18) (build 1.7.0_45-b18)
# Java VM: Java HotSpot(TM) 64-Bit Server VM (24.45-b08 mixed mode linux-amd64 compressed oops)
Heap
 PSYoungGen      total 33280K, used 2547K [0x00000007d5500000, 0x00000007d7800000, 0x0000000800000000)
  eden space 30720K, 0% used [0x00000007d5500000,0x00000007d5500000,0x00000007d7300000)
  from space 2560K, 99% used [0x00000007d7300000,0x00000007d757cdd8,0x00000007d7580000)
  to   space 2560K, 0% used [0x00000007d7580000,0x00000007d7580000,0x00000007d7800000)
 ParOldGen       total 39936K, used 10086K [0x0000000780000000, 0x0000000782700000, 0x00000007d5500000)
  object space 39936K, 25% used [0x0000000780000000,0x00000007809d9808,0x0000000782700000)
 PSPermGen       total 21504K, used 6770K [0x000000077ae00000, 0x000000077c300000, 0x0000000780000000)
  object space 21504K, 31% used [0x000000077ae00000,0x000000077b49c8d0,0x000000077c300000)
GC Heap History (5 events):
Event: 3.263 GC heap before
{Heap before GC invocations=1 (full 0):
 PSYoungGen      total 17920K, used 15360K [0x00000007d5500000, 0x00000007d6900000, 0x0000000800000000)
  eden space 15360K, 100% used [0x00000007d5500000,0x00000007d6400000,0x00000007d6400000)
  from space 2560K, 0% used [0x00000007d6680000,0x00000007d6680000,0x00000007d6900000)
  to   space 2560K, 0% used [0x00000007d6400000,0x00000007d6400000,0x00000007d6680000)
 ParOldGen       total 39936K, used 0K [0x0000000780000000, 0x0000000782700000, 0x00000007d5500000)
  object space 39936K, 0% used [0x0000000780000000,0x0000000780000000,0x0000000782700000)
 PSPermGen       total 21504K, used 4851K [0x000000077ae00000, 0x000000077c300000, 0x0000000780000000)
  object space 21504K, 22% used [0x000000077ae00000,0x000000077b2bcd20,0x000000077c300000)
Event: 3.705 GC heap after
Heap after GC invocations=1 (full 0):
 PSYoungGen      total 17920K, used 2528K [0x00000007d5500000, 0x00000007d7800000, 0x0000000800000000)
  eden space 15360K, 0% used [0x00000007d5500000,0x00000007d5500000,0x00000007d6400000)
  from space 2560K, 98% used [0x00000007d6400000,0x00000007d6678038,0x00000007d6680000)
  to   space 2560K, 0% used [0x00000007d7580000,0x00000007d7580000,0x00000007d7800000)
 ParOldGen       total 39936K, used 1750K [0x0000000780000000, 0x0000000782700000, 0x00000007d5500000)
  object space 39936K, 4% used [0x0000000780000000,0x00000007801b5b98,0x0000000782700000)
 PSPermGen       total 21504K, used 4851K [0x000000077ae00000, 0x000000077c300000, 0x0000000780000000)
  object space 21504K, 22% used [0x000000077ae00000,0x000000077b2bcd20,0x000000077c300000)
}
Event: 8.836 GC heap before
{Heap before GC invocations=2 (full 0):
 PSYoungGen      total 17920K, used 17888K [0x00000007d5500000, 0x00000007d7800000, 0x0000000800000000)
  eden space 15360K, 100% used [0x00000007d5500000,0x00000007d6400000,0x00000007d6400000)
  from space 2560K, 98% used [0x00000007d6400000,0x00000007d6678038,0x00000007d6680000)
  to   space 2560K, 0% used [0x00000007d7580000,0x00000007d7580000,0x00000007d7800000)
 ParOldGen       total 39936K, used 1750K [0x0000000780000000, 0x0000000782700000, 0x00000007d5500000)
  object space 39936K, 4% used [0x0000000780000000,0x00000007801b5b98,0x0000000782700000)
 PSPermGen       total 21504K, used 6710K [0x000000077ae00000, 0x000000077c300000, 0x0000000780000000)
  object space 21504K, 31% used [0x000000077ae00000,0x000000077b48dbd0,0x000000077c300000)
Event: 8.854 GC heap after
Heap after GC invocations=2 (full 0):
 PSYoungGen      total 33280K, used 2553K [0x00000007d5500000, 0x00000007d7800000, 0x0000000800000000)
  eden space 30720K, 0% used [0x00000007d5500000,0x00000007d5500000,0x00000007d7300000)
  from space 2560K, 99% used [0x00000007d7580000,0x00000007d77fe788,0x00000007d7800000)
  to   space 2560K, 0% used [0x00000007d7300000,0x00000007d7300000,0x00000007d7580000)
 ParOldGen       total 39936K, used 5201K [0x0000000780000000, 0x0000000782700000, 0x00000007d5500000)
  object space 39936K, 13% used [0x0000000780000000,0x00000007805144b0,0x0000000782700000)
 PSPermGen       total 21504K, used 6710K [0x000000077ae00000, 0x000000077c300000, 0x0000000780000000)
  object space 21504K, 31% used [0x000000077ae00000,0x000000077b48dbd0,0x000000077c300000)
}
Event: 12.585 GC heap before
{Heap before GC invocations=3 (full 0):
 PSYoungGen      total 33280K, used 33273K [0x00000007d5500000, 0x00000007d7800000, 0x0000000800000000)
  eden space 30720K, 100% used [0x00000007d5500000,0x00000007d7300000,0x00000007d7300000)
  from space 2560K, 99% used [0x00000007d7580000,0x00000007d77fe788,0x00000007d7800000)
  to   space 2560K, 0% used [0x00000007d7300000,0x00000007d7300000,0x00000007d7580000)
 ParOldGen       total 39936K, used 5201K [0x0000000780000000, 0x0000000782700000, 0x00000007d5500000)
  object space 39936K, 13% used [0x0000000780000000,0x00000007805144b0,0x0000000782700000)
 PSPermGen       total 21504K, used 6770K [0x000000077ae00000, 0x000000077c300000, 0x0000000780000000)
  object space 21504K, 31% used [0x000000077ae00000,0x000000077b49c8d0,0x000000077c300000)

